SUMMARY                                                                                                                                  
================================================================================                                                         
results/20NewsGroup/bert/finetuned_word_sets.json                                                                                        
====PMIS====                                                                                                                             
        medicine:338.3475628414226                                                                                                       
        religion:296.9737763255099                                                                                                       
        politics:171.52272154013076                                                                                                      
        hardware:83.47555791203993                                                                                                       
        space:157.57745700453697                                                                                                         
        gun:257.9389988987833                                                                                                            
        windows:256.3282826826516                                                                                                        
        sports:12.044618638996683                                                                                                        
        graphics:102.22726682911215                                                                                                      
        crypt:25.844637739963765                                                                                                         
        <SUM>: 170.22808804131478                                                                                                        
====NPMIS====                                                                                                                            
        graphics:9.391760918070036                                                                                                       
        hardware:7.609344139570718                                                                                                       
        gun:29.962167830954836                                                                                                           
        space:15.289488334334743                                                                                                         
        medicine:36.968136542477446                                                                                                      
        religion:28.126358441791474                                                                                                      
        crypt:2.122764045774561                                                                                                          
        politics:13.303699120082609                                                                                                      
        sports:0.9011133615879897                                                                                                        
        windows:25.204422656278478                                                                                                       
        <SUM>: 16.887925539092286                                                                                                        
====DISTINCTIVENESS====                                                                                                                  
        <SUM>: 0.98                                                                                                                      
        <SEMANTICALLY DISTINCT>: 0.81 