SUMMARY                                                                                                                                  
================================================================================                                                         
results/20NewsGroup/bert-pretrained/word_sets.json                                                                                       
====PMIS====                                                                                                                             
        medicine:268.4351945456665                                                                                                       
        religion:275.49765827490495                                                                                                      
        hardware:138.09592772020216                                                                                                      
        crypt:52.71466658231829                                                                                                          
        space:214.51848757213833                                                                                                         
        graphics:229.8545283370642                                                                                                       
        sports:214.43190393214817                                                                                                        
        windows:88.1475171364763                                                                                                         
        gun:184.0295390184285                                                                                                            
        politics:290.98540544639286                                                                                                      
        <SUM>: 195.67108285657403                                                                                                        
====NPMIS====                                                                                                                            
        politics:26.898408586747557                                                                                                      
        medicine:24.503353250908795                                                                                                      
        graphics:19.211579398953624                                                                                                      
        hardware:11.569213765321473                                                                                                      
        crypt:4.643335577757963                                                                                                          
        space:19.201534883025694                                                                                                         
        religion:25.184628124267274                                                                                                      
        windows:7.85907519051306                                                                                                         
        gun:14.994080398135027                                                                                                           
        sports:18.66898566848781                                                                                                         
        <SUM>: 17.27341948441183                                                                                                         
====DISTINCTIVENESS====                                                                                                                  
        <SUM>: 0.96                                                                                                                      
        <SEMANTICALLY DISTINCT>: 0.93     