SUMMARY
================================================================================
./results/20NewsGroup/seeded_lda/result.json
====PMIS====
	religion:275.4075134043693
	hardware:237.8168556968871
	medicine:253.4397439775612
	space:299.4916496103094
	gun:240.58629148163556
	<SUM>: 261.3484108341525
====NPMIS====
	gun:45.813542090500704
	religion:52.32603096815244
	space:62.03121570713673
	medicine:53.13877196053239
	hardware:46.92682273636776
	<SUM>: 52.047276692538006
====DISTINCTIVENESS====
	<SUM>: 0.56
	<SEMANTICALLY DISTINCT>: 0.62
