SUMMARY                                                                                                                                  
================================================================================                                                         
./results/yelp/cate/word_sets.json                                                                                                       
====PMIS====                                                                                                                             
        seafood:67.09509093879205                                                                                                        
        burger:97.54728310356451                                                                                                         
        sushi:265.0073828410973                                                                                                          
        dessert:24.22865002513845                                                                                                        
        chinese_food:63.59768477617116                                                                                                   
        <SUM>: 103.49521833695269                                                                                                        
====NPMIS====                                                                                                                            
        seafood:5.464813373261929                                                                                                        
        burger:7.76094304883368                                                                                                          
        chinese_food:5.290796208411001                                                                                                   
        dessert:1.766129545024187                                                                                                        
        sushi:23.947448281959044                                                                                                         
        <SUM>: 8.846026091497968                                                                                                         
====DISTINCTIVENESS====                                                                                                                  
        <SUM>: 1.0                                                                                                                       
        <SEMANTICALLY DISTINCT>: 1.06   