SUMMARY
================================================================================
./results/yelp/seeded_lda/result.json
====PMIS====
	seafood:208.26106990512736
	burger:192.6327557512442
	sushi:194.61673826633003
	chinese_food:192.74606870099745
	dessert:194.38907936275345
	<SUM>: 196.5291423972905
====NPMIS====
	seafood:40.95442401914222
	burger:37.76780894728869
	sushi:37.34821581540448
	chinese_food:38.250857260721645
	dessert:39.57041236059212
	<SUM>: 38.778343680629824
====DISTINCTIVENESS====
	<SUM>: 0.44
	<SEMANTICALLY DISTINCT>: 0.5
